<?xml version="1.0" encoding="UTF-8"?>
<!-- Generated by org.testng.reporters.JUnitReportReporter -->
<testsuite hostname="DESKTOP-DCJJA81" failures="0" tests="1" name="pk_SeleniumProject.Weborder_Login_Mobile_Browser" time="1.478" errors="0" timestamp="2023-02-20T18:32:13 IST" skipped="0">
  <testcase classname="pk_SeleniumProject.Weborder_Login_Mobile_Browser" name="login_Valid_Scenario" time="1.478"/>
  <system-out/>
</testsuite> <!-- pk_SeleniumProject.Weborder_Login_Mobile_Browser -->
