<?xml version="1.0" encoding="UTF-8"?>
<!-- Generated by org.testng.reporters.JUnitReportReporter -->
<testsuite hostname="DESKTOP-DCJJA81" failures="0" tests="4" name="pk_Assignments.Assignment1" time="19.163" errors="0" timestamp="2023-03-08T12:17:36 IST" skipped="0">
  <testcase classname="pk_Assignments.Assignment1" name="changeOrderStatus" time="8.082"/>
  <system-out/>
  <testcase classname="pk_Assignments.Assignment1" name="login" time="4.746"/>
  <system-out/>
  <testcase classname="pk_Assignments.Assignment1" name="logout" time="1.582"/>
  <system-out/>
  <testcase classname="pk_Assignments.Assignment1" name="resetOrderStatus" time="4.753"/>
  <system-out/>
</testsuite> <!-- pk_Assignments.Assignment1 -->
