<?xml version="1.0" encoding="UTF-8"?>
<!-- Generated by org.testng.reporters.JUnitReportReporter -->
<testsuite hostname="DESKTOP-DCJJA81" failures="0" tests="1" name="pk_SeleniumProject.HandleUnexpectedAlert" time="1.947" errors="0" timestamp="2023-02-25T13:28:27 IST" skipped="0">
  <testcase classname="pk_SeleniumProject.HandleUnexpectedAlert" name="HandleAlert" time="1.947"/>
  <system-out/>
</testsuite> <!-- pk_SeleniumProject.HandleUnexpectedAlert -->
