<?xml version="1.0" encoding="UTF-8"?>
<!-- Generated by org.testng.reporters.JUnitReportReporter -->
<testsuite hostname="DESKTOP-DCJJA81" failures="0" tests="5" name="pk_Assignments.Assignment3" time="15.734" errors="0" timestamp="2023-03-08T12:16:36 IST" skipped="0">
  <testcase classname="pk_Assignments.Assignment3" name="addNewCustomer" time="4.664"/>
  <system-out/>
  <testcase classname="pk_Assignments.Assignment3" name="logout" time="1.359"/>
  <system-out/>
  <testcase classname="pk_Assignments.Assignment3" name="navigateToCustomersPage" time="1.909"/>
  <system-out/>
  <testcase classname="pk_Assignments.Assignment3" name="login" time="4.559"/>
  <system-out/>
  <testcase classname="pk_Assignments.Assignment3" name="checkCustomerStatus" time="3.243"/>
  <system-out/>
</testsuite> <!-- pk_Assignments.Assignment3 -->
