<?xml version="1.0" encoding="UTF-8"?>
<!-- Generated by org.testng.reporters.JUnitReportReporter -->
<testsuite hostname="DESKTOP-DCJJA81" failures="0" tests="2" name="assignments.WebOrder_LinksVerify" time="4.542" errors="0" timestamp="2023-02-27T14:36:58 IST" skipped="0">
  <testcase classname="assignments.WebOrder_LinksVerify" name="login" time="2.121"/>
  <system-out/>
  <testcase classname="assignments.WebOrder_LinksVerify" name="navigateToAllLinks" time="2.421"/>
  <system-out/>
</testsuite> <!-- assignments.WebOrder_LinksVerify -->
