<?xml version="1.0" encoding="UTF-8"?>
<!-- Generated by org.testng.reporters.JUnitReportReporter -->
<testsuite hostname="DESKTOP-DCJJA81" failures="0" tests="1" name="pk_SeleniumProject.spreecommerce_NavigationCommand" time="14.420" errors="0" timestamp="2023-02-25T13:28:27 IST" skipped="0">
  <testcase classname="pk_SeleniumProject.spreecommerce_NavigationCommand" name="SPORTSWEAR" time="14.420"/>
  <system-out/>
</testsuite> <!-- pk_SeleniumProject.spreecommerce_NavigationCommand -->
