<?xml version="1.0" encoding="UTF-8"?>
<!-- Generated by org.testng.reporters.JUnitReportReporter -->
<testsuite hostname="DESKTOP-DCJJA81" failures="0" tests="1" name="pk_SeleniumProject.CaptureScreenShot_of_Element" time="4.789" errors="0" timestamp="2023-03-04T09:28:12 IST" skipped="0">
  <testcase classname="pk_SeleniumProject.CaptureScreenShot_of_Element" name="ChromeBrowser" time="4.789"/>
  <system-out/>
</testsuite> <!-- pk_SeleniumProject.CaptureScreenShot_of_Element -->
