<?xml version="1.0" encoding="UTF-8"?>
<!-- Generated by org.testng.reporters.JUnitReportReporter -->
<testsuite hostname="DESKTOP-DCJJA81" failures="0" tests="4" name="pk_Assignments.Assignment5" time="18.104" errors="0" timestamp="2023-03-08T12:14:53 IST" skipped="0">
  <testcase classname="pk_Assignments.Assignment5" name="changeOrderStatus" time="7.371"/>
  <system-out/>
  <testcase classname="pk_Assignments.Assignment5" name="login" time="4.708"/>
  <system-out/>
  <testcase classname="pk_Assignments.Assignment5" name="resetOrderStatus" time="4.527"/>
  <system-out/>
  <testcase classname="pk_Assignments.Assignment5" name="logout" time="1.498"/>
  <system-out/>
</testsuite> <!-- pk_Assignments.Assignment5 -->
