<?xml version="1.0" encoding="UTF-8"?>
<!-- Generated by org.testng.reporters.JUnitReportReporter -->
<testsuite hostname="DESKTOP-DCJJA81" failures="0" tests="1" name="pk_SeleniumProject.DatePicker" time="4.597" errors="0" timestamp="2023-03-03T18:41:51 IST" skipped="0">
  <testcase classname="pk_SeleniumProject.DatePicker" name="Date_Select" time="4.597"/>
  <system-out/>
</testsuite> <!-- pk_SeleniumProject.DatePicker -->
