<?xml version="1.0" encoding="UTF-8"?>
<!-- Generated by org.testng.reporters.JUnitReportReporter -->
<testsuite hostname="DESKTOP-DCJJA81" failures="0" tests="1" name="pk_SeleniumProject.NavigateToAllLinks" time="52.462" errors="0" timestamp="2023-02-25T11:29:44 IST" skipped="0">
  <testcase classname="pk_SeleniumProject.NavigateToAllLinks" name="Navigate_To_AllLinks" time="52.462"/>
  <system-out/>
</testsuite> <!-- pk_SeleniumProject.NavigateToAllLinks -->
