<?xml version="1.0" encoding="UTF-8"?>
<!-- Generated by org.testng.reporters.JUnitReportReporter -->
<testsuite hostname="DESKTOP-DCJJA81" failures="0" tests="5" name="pk_SeleniumProject.WebOrder_Login_All_TCS_Scenario" time="8.376" errors="0" timestamp="2023-02-27T20:26:21 IST" skipped="0">
  <testcase classname="pk_SeleniumProject.WebOrder_Login_All_TCS_Scenario" name="ValidLogin" time="5.016"/>
  <system-out/>
  <testcase classname="pk_SeleniumProject.WebOrder_Login_All_TCS_Scenario" name="ValidLogin" time="0.730"/>
  <system-out/>
  <testcase classname="pk_SeleniumProject.WebOrder_Login_All_TCS_Scenario" name="ValidLogin" time="1.005"/>
  <system-out/>
  <testcase classname="pk_SeleniumProject.WebOrder_Login_All_TCS_Scenario" name="ValidLogin" time="0.842"/>
  <system-out/>
  <testcase classname="pk_SeleniumProject.WebOrder_Login_All_TCS_Scenario" name="ValidLogin" time="0.783"/>
  <system-out/>
</testsuite> <!-- pk_SeleniumProject.WebOrder_Login_All_TCS_Scenario -->
