<?xml version="1.0" encoding="UTF-8"?>
<!-- Generated by org.testng.reporters.JUnitReportReporter -->
<testsuite hostname="DESKTOP-DCJJA81" failures="0" tests="2" name="pk_SeleniumProject.WebOrder_TestMethod_Dependancy" time="6.924" errors="0" timestamp="2023-03-04T10:46:58 IST" skipped="0">
  <testcase classname="pk_SeleniumProject.WebOrder_TestMethod_Dependancy" name="Login" time="5.827"/>
  <system-out/>
  <testcase classname="pk_SeleniumProject.WebOrder_TestMethod_Dependancy" name="Logout" time="1.097"/>
  <system-out/>
</testsuite> <!-- pk_SeleniumProject.WebOrder_TestMethod_Dependancy -->
