<?xml version="1.0" encoding="UTF-8"?>
<!-- Generated by org.testng.reporters.JUnitReportReporter -->
<testsuite hostname="DESKTOP-DCJJA81" failures="0" tests="2" name="pk_SeleniumProject.Weborder_Login_Prioritization" time="2.624" errors="0" timestamp="2023-02-15T20:07:55 IST" skipped="0">
  <testcase classname="pk_SeleniumProject.Weborder_Login_Prioritization" name="login" time="1.666"/>
  <system-out/>
  <testcase classname="pk_SeleniumProject.Weborder_Login_Prioritization" name="logout" time="0.958"/>
  <system-out/>
</testsuite> <!-- pk_SeleniumProject.Weborder_Login_Prioritization -->
