<?xml version="1.0" encoding="UTF-8"?>
<!-- Generated by org.testng.reporters.JUnitReportReporter -->
<testsuite hostname="DESKTOP-DCJJA81" failures="0" tests="4" name="assignments.spreecommerce_CreateAddress_UpdateAddress_DeleteAddress" time="27.681" errors="0" timestamp="2023-02-24T16:35:21 IST" skipped="0">
  <testcase classname="assignments.spreecommerce_CreateAddress_UpdateAddress_DeleteAddress" name="login" time="4.215"/>
  <system-out/>
  <testcase classname="assignments.spreecommerce_CreateAddress_UpdateAddress_DeleteAddress" name="createAdress" time="19.367"/>
  <system-out/>
  <testcase classname="assignments.spreecommerce_CreateAddress_UpdateAddress_DeleteAddress" name="updateAddress" time="2.754"/>
  <system-out/>
  <testcase classname="assignments.spreecommerce_CreateAddress_UpdateAddress_DeleteAddress" name="deleteUpdatedOrder" time="1.345"/>
  <system-out/>
</testsuite> <!-- assignments.spreecommerce_CreateAddress_UpdateAddress_DeleteAddress -->
