<?xml version="1.0" encoding="UTF-8"?>
<!-- Generated by org.testng.reporters.JUnitReportReporter -->
<testsuite hostname="DESKTOP-DCJJA81" failures="0" tests="2" name="assignmentFirst.Weborder_spreecommerce_Form" time="28.147" errors="0" timestamp="2023-02-22T12:24:29 IST" skipped="0">
  <testcase classname="assignmentFirst.Weborder_spreecommerce_Form" name="login" time="8.911"/>
  <system-out/>
  <testcase classname="assignmentFirst.Weborder_spreecommerce_Form" name="AddNewAddress" time="19.236"/>
  <system-out/>
</testsuite> <!-- assignmentFirst.Weborder_spreecommerce_Form -->
