<?xml version="1.0" encoding="UTF-8"?>
<!-- Generated by org.testng.reporters.JUnitReportReporter -->
<testsuite hostname="DESKTOP-DCJJA81" failures="0" tests="3" name="pk_SeleniumProject.WebOrderLoginExcelFile" time="20.569" errors="0" timestamp="2023-02-27T19:42:47 IST" skipped="0">
  <testcase classname="pk_SeleniumProject.WebOrderLoginExcelFile" name="ValidLogin" time="7.919"/>
  <system-out/>
  <testcase classname="pk_SeleniumProject.WebOrderLoginExcelFile" name="ValidLogin" time="6.155"/>
  <system-out/>
  <testcase classname="pk_SeleniumProject.WebOrderLoginExcelFile" name="ValidLogin" time="6.495"/>
  <system-out/>
</testsuite> <!-- pk_SeleniumProject.WebOrderLoginExcelFile -->
