<?xml version="1.0" encoding="UTF-8"?>
<!-- Generated by org.testng.reporters.JUnitReportReporter -->
<testsuite hostname="DESKTOP-DCJJA81" failures="0" tests="1" name="pk_SeleniumProject.Weborder_Login_Login_ConvertTestNG" time="2.059" errors="0" timestamp="2023-02-15T19:22:52 IST" skipped="0">
  <testcase classname="pk_SeleniumProject.Weborder_Login_Login_ConvertTestNG" name="login_Valid_Scenario" time="2.059"/>
  <system-out/>
</testsuite> <!-- pk_SeleniumProject.Weborder_Login_Login_ConvertTestNG -->
