<?xml version="1.0" encoding="UTF-8"?>
<!-- Generated by org.testng.reporters.JUnitReportReporter -->
<testsuite hostname="DESKTOP-DCJJA81" failures="0" tests="1" name="pk_SeleniumProject.Handling_WebTable_Pagination_Example" time="38.554" errors="0" timestamp="2023-02-22T21:02:27 IST" skipped="0">
  <testcase classname="pk_SeleniumProject.Handling_WebTable_Pagination_Example" name="Pagination_Example" time="38.554"/>
  <system-out/>
</testsuite> <!-- pk_SeleniumProject.Handling_WebTable_Pagination_Example -->
