<?xml version="1.0" encoding="UTF-8"?>
<!-- Generated by org.testng.reporters.JUnitReportReporter -->
<testsuite hostname="DESKTOP-DCJJA81" failures="0" tests="1" name="pk_SeleniumProject.Weborder_Login_TestNG" time="2.092" errors="0" timestamp="2023-02-15T19:06:57 IST" skipped="0">
  <testcase classname="pk_SeleniumProject.Weborder_Login_TestNG" name="login" time="2.092"/>
  <system-out/>
</testsuite> <!-- pk_SeleniumProject.Weborder_Login_TestNG -->
