<?xml version="1.0" encoding="UTF-8"?>
<!-- Generated by org.testng.reporters.JUnitReportReporter -->
<testsuite hostname="DESKTOP-DCJJA81" failures="0" tests="1" name="pk_SeleniumProject.ConnectDB_Direct_Pass" time="33.937" errors="0" timestamp="2023-03-01T18:51:15 IST" skipped="0">
  <testcase classname="pk_SeleniumProject.ConnectDB_Direct_Pass" name="ConnectMySQLDB" time="33.937"/>
  <system-out/>
</testsuite> <!-- pk_SeleniumProject.ConnectDB_Direct_Pass -->
