<?xml version="1.0" encoding="UTF-8"?>
<!-- Generated by org.testng.reporters.JUnitReportReporter -->
<testsuite hostname="DESKTOP-DCJJA81" failures="0" tests="1" name="pk_SeleniumProject.DragAndDropOperation" time="24.381" errors="0" timestamp="2023-02-22T20:14:32 IST" skipped="0">
  <testcase classname="pk_SeleniumProject.DragAndDropOperation" name="DragDrop" time="24.381"/>
  <system-out/>
</testsuite> <!-- pk_SeleniumProject.DragAndDropOperation -->
