<?xml version="1.0" encoding="UTF-8"?>
<!-- Generated by org.testng.reporters.JUnitReportReporter -->
<testsuite hostname="DESKTOP-DCJJA81" failures="0" tests="1" name="pk_SeleniumProject.Call_BaseClass_DB_Function" time="33.960" errors="0" timestamp="2023-03-01T19:37:05 IST" skipped="0">
  <testcase classname="pk_SeleniumProject.Call_BaseClass_DB_Function" name="ConnectSQLDB_With_LoginApp" time="33.960"/>
  <system-out/>
</testsuite> <!-- pk_SeleniumProject.Call_BaseClass_DB_Function -->
