<?xml version="1.0" encoding="UTF-8"?>
<!-- Generated by org.testng.reporters.JUnitReportReporter -->
<testsuite hostname="DESKTOP-DCJJA81" failures="0" tests="3" name="pk_SeleniumProject.WebOrder_Login_Parameters" time="9.366" errors="0" timestamp="2023-02-25T12:55:12 IST" skipped="0">
  <testcase classname="pk_SeleniumProject.WebOrder_Login_Parameters" name="ValidLogin" time="3.135"/>
  <system-out/>
  <testcase classname="pk_SeleniumProject.WebOrder_Login_Parameters" name="ValidLogin" time="3.040"/>
  <system-out/>
  <testcase classname="pk_SeleniumProject.WebOrder_Login_Parameters" name="ValidLogin" time="3.191"/>
  <system-out/>
</testsuite> <!-- pk_SeleniumProject.WebOrder_Login_Parameters -->
