<?xml version="1.0" encoding="UTF-8"?>
<!-- Generated by org.testng.reporters.JUnitReportReporter -->
<testsuite hostname="DESKTOP-DCJJA81" failures="0" tests="2" name="pk_SeleniumProject.Weborder_CreateOrder_UniqueName_VerifyOrder" time="9.799" errors="0" timestamp="2023-02-20T20:48:54 IST" skipped="0">
  <testcase classname="pk_SeleniumProject.Weborder_CreateOrder_UniqueName_VerifyOrder" name="login" time="1.469"/>
  <system-out/>
  <testcase classname="pk_SeleniumProject.Weborder_CreateOrder_UniqueName_VerifyOrder" name="CreateOrder_VerifyOrder" time="8.330"/>
  <system-out/>
</testsuite> <!-- pk_SeleniumProject.Weborder_CreateOrder_UniqueName_VerifyOrder -->
