<?xml version="1.0" encoding="UTF-8"?>
<!-- Generated by org.testng.reporters.JUnitReportReporter -->
<testsuite hostname="DESKTOP-DCJJA81" failures="0" tests="3" name="assignments.HandlingAlerts" time="0.310" errors="0" timestamp="2023-02-23T20:11:56 IST" skipped="0">
  <testcase classname="assignments.HandlingAlerts" name="click_for_js_alert" time="0.104"/>
  <system-out/>
  <testcase classname="assignments.HandlingAlerts" name="click_for_js_confirm" time="0.094"/>
  <system-out/>
  <testcase classname="assignments.HandlingAlerts" name="click_for_js_prompt" time="0.112"/>
  <system-out/>
</testsuite> <!-- assignments.HandlingAlerts -->
