<?xml version="1.0" encoding="UTF-8"?>
<!-- Generated by org.testng.reporters.JUnitReportReporter -->
<testsuite hostname="DESKTOP-DCJJA81" failures="0" tests="1" name="pk_SeleniumProject.spreecommerce_ExplicitWait" time="10.842" errors="0" timestamp="2023-02-18T11:52:49 IST" skipped="0">
  <testcase classname="pk_SeleniumProject.spreecommerce_ExplicitWait" name="WOMEN" time="10.842"/>
  <system-out/>
</testsuite> <!-- pk_SeleniumProject.spreecommerce_ExplicitWait -->
