<?xml version="1.0" encoding="UTF-8"?>
<!-- Generated by org.testng.reporters.JUnitReportReporter -->
<testsuite hostname="DESKTOP-DCJJA81" failures="0" tests="3" name="pk_SeleniumProject.Weborder_CreateOrder_VerifyOrder_SiblingXpath" time="16.823" errors="0" timestamp="2023-02-22T18:49:26 IST" skipped="0">
  <testcase classname="pk_SeleniumProject.Weborder_CreateOrder_VerifyOrder_SiblingXpath" name="Login" time="1.967"/>
  <system-out/>
  <testcase classname="pk_SeleniumProject.Weborder_CreateOrder_VerifyOrder_SiblingXpath" name="CreateOrder_VerifyOrder" time="12.778"/>
  <system-out/>
  <testcase classname="pk_SeleniumProject.Weborder_CreateOrder_VerifyOrder_SiblingXpath" name="UpdateOrder_VerifyUpdateOrder" time="2.078"/>
  <system-out/>
</testsuite> <!-- pk_SeleniumProject.Weborder_CreateOrder_VerifyOrder_SiblingXpath -->
