<?xml version="1.0" encoding="UTF-8"?>
<!-- Generated by org.testng.reporters.JUnitReportReporter -->
<testsuite hostname="DESKTOP-DCJJA81" failures="0" tests="1" name="pk_SeleniumProject.Weborder_Login_Using_KeyBoard" time="1.835" errors="0" timestamp="2023-02-22T19:29:35 IST" skipped="0">
  <testcase classname="pk_SeleniumProject.Weborder_Login_Using_KeyBoard" name="login" time="1.835"/>
  <system-out/>
</testsuite> <!-- pk_SeleniumProject.Weborder_Login_Using_KeyBoard -->
