<?xml version="1.0" encoding="UTF-8"?>
<!-- Generated by org.testng.reporters.JUnitReportReporter -->
<testsuite hostname="DESKTOP-DCJJA81" failures="0" tests="4" name="pk_SeleniumProject.Weborder_CreateOrder_VerifyOrder_DeleteOrder_VerifyDeleteOrder" time="16.012" errors="0" timestamp="2023-02-22T19:16:24 IST" skipped="0">
  <testcase classname="pk_SeleniumProject.Weborder_CreateOrder_VerifyOrder_DeleteOrder_VerifyDeleteOrder" name="Login" time="1.959"/>
  <system-out/>
  <testcase classname="pk_SeleniumProject.Weborder_CreateOrder_VerifyOrder_DeleteOrder_VerifyDeleteOrder" name="CreateOrder_VerifyOrder" time="11.833"/>
  <system-out/>
  <testcase classname="pk_SeleniumProject.Weborder_CreateOrder_VerifyOrder_DeleteOrder_VerifyDeleteOrder" name="UpdateOrder_VerifyUpdateOrder" time="1.239"/>
  <system-out/>
  <testcase classname="pk_SeleniumProject.Weborder_CreateOrder_VerifyOrder_DeleteOrder_VerifyDeleteOrder" name="DeleteOrder_VerifyDeleteOrder" time="0.981"/>
  <system-out/>
</testsuite> <!-- pk_SeleniumProject.Weborder_CreateOrder_VerifyOrder_DeleteOrder_VerifyDeleteOrder -->
