<?xml version="1.0" encoding="UTF-8"?>
<!-- Generated by org.testng.reporters.JUnitReportReporter -->
<testsuite hostname="DESKTOP-DCJJA81" failures="0" tests="1" name="assignments.NavigateAllLinks" time="11.771" errors="0" timestamp="2023-02-27T18:31:52 IST" skipped="0">
  <testcase classname="assignments.NavigateAllLinks" name="NavigateToAllLinks1" time="11.771"/>
  <system-out/>
</testsuite> <!-- assignments.NavigateAllLinks -->
