<?xml version="1.0" encoding="UTF-8"?>
<!-- Generated by org.testng.reporters.JUnitReportReporter -->
<testsuite hostname="DESKTOP-DCJJA81" failures="0" tests="1" name="pk_SeleniumProject.PaginationExample" time="40.460" errors="0" timestamp="2023-02-25T10:44:06 IST" skipped="0">
  <testcase classname="pk_SeleniumProject.PaginationExample" name="Pagination_Example" time="40.460"/>
  <system-out/>
</testsuite> <!-- pk_SeleniumProject.PaginationExample -->
