<?xml version="1.0" encoding="UTF-8"?>
<!-- Generated by org.testng.reporters.JUnitReportReporter -->
<testsuite hostname="DESKTOP-DCJJA81" failures="0" tests="15" name="pk_SeleniumProject.WebOrder_CrossBrowser_Multiple_Data_Validation" time="30.240" errors="0" timestamp="2023-03-01T21:07:49 IST" skipped="0">
  <testcase classname="pk_SeleniumProject.WebOrder_CrossBrowser_Multiple_Data_Validation" name="ValidLogin" time="0.898"/>
  <system-out/>
  <testcase classname="pk_SeleniumProject.WebOrder_CrossBrowser_Multiple_Data_Validation" name="ValidLogin" time="0.945"/>
  <system-out/>
  <testcase classname="pk_SeleniumProject.WebOrder_CrossBrowser_Multiple_Data_Validation" name="ValidLogin" time="2.083"/>
  <system-out/>
  <testcase classname="pk_SeleniumProject.WebOrder_CrossBrowser_Multiple_Data_Validation" name="ValidLogin" time="5.562"/>
  <system-out/>
  <testcase classname="pk_SeleniumProject.WebOrder_CrossBrowser_Multiple_Data_Validation" name="ValidLogin" time="1.014"/>
  <system-out/>
  <testcase classname="pk_SeleniumProject.WebOrder_CrossBrowser_Multiple_Data_Validation" name="ValidLogin" time="1.487"/>
  <system-out/>
  <testcase classname="pk_SeleniumProject.WebOrder_CrossBrowser_Multiple_Data_Validation" name="ValidLogin" time="1.632"/>
  <system-out/>
  <testcase classname="pk_SeleniumProject.WebOrder_CrossBrowser_Multiple_Data_Validation" name="ValidLogin" time="1.570"/>
  <system-out/>
  <testcase classname="pk_SeleniumProject.WebOrder_CrossBrowser_Multiple_Data_Validation" name="ValidLogin" time="0.976"/>
  <system-out/>
  <testcase classname="pk_SeleniumProject.WebOrder_CrossBrowser_Multiple_Data_Validation" name="ValidLogin" time="1.093"/>
  <system-out/>
  <testcase classname="pk_SeleniumProject.WebOrder_CrossBrowser_Multiple_Data_Validation" name="ValidLogin" time="4.866"/>
  <system-out/>
  <testcase classname="pk_SeleniumProject.WebOrder_CrossBrowser_Multiple_Data_Validation" name="ValidLogin" time="4.925"/>
  <system-out/>
  <testcase classname="pk_SeleniumProject.WebOrder_CrossBrowser_Multiple_Data_Validation" name="ValidLogin" time="1.013"/>
  <system-out/>
  <testcase classname="pk_SeleniumProject.WebOrder_CrossBrowser_Multiple_Data_Validation" name="ValidLogin" time="1.180"/>
  <system-out/>
  <testcase classname="pk_SeleniumProject.WebOrder_CrossBrowser_Multiple_Data_Validation" name="ValidLogin" time="0.996"/>
  <system-out/>
</testsuite> <!-- pk_SeleniumProject.WebOrder_CrossBrowser_Multiple_Data_Validation -->
