<?xml version="1.0" encoding="UTF-8"?>
<!-- Generated by org.testng.reporters.JUnitReportReporter -->
<testsuite hostname="DESKTOP-DCJJA81" failures="0" tests="1" name="pk_SeleniumProject.MouseHoverOperation" time="20.633" errors="0" timestamp="2023-02-22T20:09:35 IST" skipped="0">
  <testcase classname="pk_SeleniumProject.MouseHoverOperation" name="MouseHoverYatra" time="20.633"/>
  <system-out/>
</testsuite> <!-- pk_SeleniumProject.MouseHoverOperation -->
