<?xml version="1.0" encoding="UTF-8"?>
<!-- Generated by org.testng.reporters.JUnitReportReporter -->
<testsuite hostname="DESKTOP-DCJJA81" failures="0" tests="24" name="assignmentsCrossBrowser.Weborder_Login_CreateOrder_CrossBrowser_MultiDataValidation" time="160.665" errors="0" timestamp="2023-03-04T09:20:06 IST" skipped="0">
  <testcase classname="assignmentsCrossBrowser.Weborder_Login_CreateOrder_CrossBrowser_MultiDataValidation" name="login" time="2.189"/>
  <system-out/>
  <testcase classname="assignmentsCrossBrowser.Weborder_Login_CreateOrder_CrossBrowser_MultiDataValidation" name="login" time="2.112"/>
  <system-out/>
  <testcase classname="assignmentsCrossBrowser.Weborder_Login_CreateOrder_CrossBrowser_MultiDataValidation" name="login" time="2.434"/>
  <system-out/>
  <testcase classname="assignmentsCrossBrowser.Weborder_Login_CreateOrder_CrossBrowser_MultiDataValidation" name="createOrder_VerifyOrder" time="7.828"/>
  <system-out/>
  <testcase classname="assignmentsCrossBrowser.Weborder_Login_CreateOrder_CrossBrowser_MultiDataValidation" name="createOrder_VerifyOrder" time="7.572"/>
  <system-out/>
  <testcase classname="assignmentsCrossBrowser.Weborder_Login_CreateOrder_CrossBrowser_MultiDataValidation" name="createOrder_VerifyOrder" time="7.128"/>
  <system-out/>
  <testcase classname="assignmentsCrossBrowser.Weborder_Login_CreateOrder_CrossBrowser_MultiDataValidation" name="createOrder_VerifyOrder" time="7.146"/>
  <system-out/>
  <testcase classname="assignmentsCrossBrowser.Weborder_Login_CreateOrder_CrossBrowser_MultiDataValidation" name="createOrder_VerifyOrder" time="7.150"/>
  <system-out/>
  <testcase classname="assignmentsCrossBrowser.Weborder_Login_CreateOrder_CrossBrowser_MultiDataValidation" name="createOrder_VerifyOrder" time="7.176"/>
  <system-out/>
  <testcase classname="assignmentsCrossBrowser.Weborder_Login_CreateOrder_CrossBrowser_MultiDataValidation" name="createOrder_VerifyOrder" time="7.042"/>
  <system-out/>
  <testcase classname="assignmentsCrossBrowser.Weborder_Login_CreateOrder_CrossBrowser_MultiDataValidation" name="createOrder_VerifyOrder" time="8.310"/>
  <system-out/>
  <testcase classname="assignmentsCrossBrowser.Weborder_Login_CreateOrder_CrossBrowser_MultiDataValidation" name="createOrder_VerifyOrder" time="7.411"/>
  <system-out/>
  <testcase classname="assignmentsCrossBrowser.Weborder_Login_CreateOrder_CrossBrowser_MultiDataValidation" name="createOrder_VerifyOrder" time="7.234"/>
  <system-out/>
  <testcase classname="assignmentsCrossBrowser.Weborder_Login_CreateOrder_CrossBrowser_MultiDataValidation" name="createOrder_VerifyOrder" time="7.561"/>
  <system-out/>
  <testcase classname="assignmentsCrossBrowser.Weborder_Login_CreateOrder_CrossBrowser_MultiDataValidation" name="createOrder_VerifyOrder" time="7.112"/>
  <system-out/>
  <testcase classname="assignmentsCrossBrowser.Weborder_Login_CreateOrder_CrossBrowser_MultiDataValidation" name="createOrder_VerifyOrder" time="7.397"/>
  <system-out/>
  <testcase classname="assignmentsCrossBrowser.Weborder_Login_CreateOrder_CrossBrowser_MultiDataValidation" name="createOrder_VerifyOrder" time="7.004"/>
  <system-out/>
  <testcase classname="assignmentsCrossBrowser.Weborder_Login_CreateOrder_CrossBrowser_MultiDataValidation" name="createOrder_VerifyOrder" time="7.022"/>
  <system-out/>
  <testcase classname="assignmentsCrossBrowser.Weborder_Login_CreateOrder_CrossBrowser_MultiDataValidation" name="createOrder_VerifyOrder" time="7.008"/>
  <system-out/>
  <testcase classname="assignmentsCrossBrowser.Weborder_Login_CreateOrder_CrossBrowser_MultiDataValidation" name="createOrder_VerifyOrder" time="7.074"/>
  <system-out/>
  <testcase classname="assignmentsCrossBrowser.Weborder_Login_CreateOrder_CrossBrowser_MultiDataValidation" name="createOrder_VerifyOrder" time="7.189"/>
  <system-out/>
  <testcase classname="assignmentsCrossBrowser.Weborder_Login_CreateOrder_CrossBrowser_MultiDataValidation" name="createOrder_VerifyOrder" time="8.366"/>
  <system-out/>
  <testcase classname="assignmentsCrossBrowser.Weborder_Login_CreateOrder_CrossBrowser_MultiDataValidation" name="createOrder_VerifyOrder" time="7.156"/>
  <system-out/>
  <testcase classname="assignmentsCrossBrowser.Weborder_Login_CreateOrder_CrossBrowser_MultiDataValidation" name="createOrder_VerifyOrder" time="7.044"/>
  <system-out/>
</testsuite> <!-- assignmentsCrossBrowser.Weborder_Login_CreateOrder_CrossBrowser_MultiDataValidation -->
