<?xml version="1.0" encoding="UTF-8"?>
<!-- Generated by org.testng.reporters.JUnitReportReporter -->
<testsuite hostname="DESKTOP-DCJJA81" failures="0" tests="1" name="pk_SeleniumProject.SSL_Certificate_Handle_For_All_Browser" time="1.475" errors="0" timestamp="2023-03-03T18:58:25 IST" skipped="0">
  <testcase classname="pk_SeleniumProject.SSL_Certificate_Handle_For_All_Browser" name="openApplication" time="1.475"/>
  <system-out/>
</testsuite> <!-- pk_SeleniumProject.SSL_Certificate_Handle_For_All_Browser -->
