<?xml version="1.0" encoding="UTF-8"?>
<!-- Generated by org.testng.reporters.JUnitReportReporter -->
<testsuite hostname="DESKTOP-DCJJA81" failures="0" tests="1" name="pk_SeleniumProject.Weborder_Login_Mobile_Browser_View" time="2.598" errors="0" timestamp="2023-02-25T13:27:12 IST" skipped="0">
  <testcase classname="pk_SeleniumProject.Weborder_Login_Mobile_Browser_View" name="login_Valid_Scenario" time="2.598"/>
  <system-out/>
</testsuite> <!-- pk_SeleniumProject.Weborder_Login_Mobile_Browser_View -->
