<?xml version="1.0" encoding="UTF-8"?>
<!-- Generated by org.testng.reporters.JUnitReportReporter -->
<testsuite hostname="DESKTOP-DCJJA81" failures="0" tests="6" name="assignments.WebOrder_Multitest_CreateOrder" time="37.379" errors="0" timestamp="2023-03-03T16:39:09 IST" skipped="0">
  <testcase classname="assignments.WebOrder_Multitest_CreateOrder" name="ValidLogin" time="3.694"/>
  <system-out/>
  <testcase classname="assignments.WebOrder_Multitest_CreateOrder" name="ValidLogin" time="3.289"/>
  <system-out/>
  <testcase classname="assignments.WebOrder_Multitest_CreateOrder" name="ValidLogin" time="3.531"/>
  <system-out/>
  <testcase classname="assignments.WebOrder_Multitest_CreateOrder" name="CreateOrder_VerifyOrder" time="9.502"/>
  <system-out/>
  <testcase classname="assignments.WebOrder_Multitest_CreateOrder" name="CreateOrder_VerifyOrder" time="8.312"/>
  <system-out/>
  <testcase classname="assignments.WebOrder_Multitest_CreateOrder" name="CreateOrder_VerifyOrder" time="9.051"/>
  <system-out/>
</testsuite> <!-- assignments.WebOrder_Multitest_CreateOrder -->
