<?xml version="1.0" encoding="UTF-8"?>
<!-- Generated by org.testng.reporters.JUnitReportReporter -->
<testsuite hostname="DESKTOP-DCJJA81" failures="0" tests="2" name="pk_SeleniumProject.Weborder_GetText_GetTitle_GetURL" time="3.352" errors="0" timestamp="2023-02-15T21:02:52 IST" skipped="0">
  <testcase classname="pk_SeleniumProject.Weborder_GetText_GetTitle_GetURL" name="login" time="2.088"/>
  <system-out/>
  <testcase classname="pk_SeleniumProject.Weborder_GetText_GetTitle_GetURL" name="logout" time="1.264"/>
  <system-out/>
</testsuite> <!-- pk_SeleniumProject.Weborder_GetText_GetTitle_GetURL -->
