<?xml version="1.0" encoding="UTF-8"?>
<!-- Generated by org.testng.reporters.JUnitReportReporter -->
<testsuite hostname="DESKTOP-DCJJA81" failures="0" tests="3" name="pk_SeleniumProject.WebOrder_Calling_LaunchBrowserFromBaseClass" time="25.015" errors="0" timestamp="2023-03-01T21:11:44 IST" skipped="0">
  <testcase classname="pk_SeleniumProject.WebOrder_Calling_LaunchBrowserFromBaseClass" name="login" time="9.102"/>
  <system-out/>
  <testcase classname="pk_SeleniumProject.WebOrder_Calling_LaunchBrowserFromBaseClass" name="login" time="7.080"/>
  <system-out/>
  <testcase classname="pk_SeleniumProject.WebOrder_Calling_LaunchBrowserFromBaseClass" name="login" time="8.833"/>
  <system-out/>
</testsuite> <!-- pk_SeleniumProject.WebOrder_Calling_LaunchBrowserFromBaseClass -->
