<?xml version="1.0" encoding="UTF-8"?>
<!-- Generated by org.testng.reporters.JUnitReportReporter -->
<testsuite hostname="DESKTOP-DCJJA81" failures="0" tests="8" name="assignments.WebOrder_CreateOrder_Validation" time="78.456" errors="0" timestamp="2023-03-01T18:16:14 IST" skipped="0">
  <testcase classname="assignments.WebOrder_CreateOrder_Validation" name="login" time="2.034"/>
  <system-out/>
  <testcase classname="assignments.WebOrder_CreateOrder_Validation" name="createOrder_VerifyOrder" time="11.550"/>
  <system-out/>
  <testcase classname="assignments.WebOrder_CreateOrder_Validation" name="createOrder_VerifyOrder" time="10.814"/>
  <system-out/>
  <testcase classname="assignments.WebOrder_CreateOrder_Validation" name="createOrder_VerifyOrder" time="11.030"/>
  <system-out/>
  <testcase classname="assignments.WebOrder_CreateOrder_Validation" name="createOrder_VerifyOrder" time="10.541"/>
  <system-out/>
  <testcase classname="assignments.WebOrder_CreateOrder_Validation" name="createOrder_VerifyOrder" time="10.599"/>
  <system-out/>
  <testcase classname="assignments.WebOrder_CreateOrder_Validation" name="createOrder_VerifyOrder" time="10.526"/>
  <system-out/>
  <testcase classname="assignments.WebOrder_CreateOrder_Validation" name="createOrder_VerifyOrder" time="11.362"/>
  <system-out/>
</testsuite> <!-- assignments.WebOrder_CreateOrder_Validation -->
