<?xml version="1.0" encoding="UTF-8"?>
<!-- Generated by org.testng.reporters.JUnitReportReporter -->
<testsuite hostname="DESKTOP-DCJJA81" failures="0" tests="4" name="pk_SeleniumProject.MobileBrowser_View_calling_DataProvider" time="34.916" errors="0" timestamp="2023-03-01T20:10:54 IST" skipped="0">
  <testcase classname="pk_SeleniumProject.MobileBrowser_View_calling_DataProvider" name="Mobile_Devices" time="9.919"/>
  <system-out/>
  <testcase classname="pk_SeleniumProject.MobileBrowser_View_calling_DataProvider" name="Mobile_Devices" time="6.755"/>
  <system-out/>
  <testcase classname="pk_SeleniumProject.MobileBrowser_View_calling_DataProvider" name="Mobile_Devices" time="7.201"/>
  <system-out/>
  <testcase classname="pk_SeleniumProject.MobileBrowser_View_calling_DataProvider" name="Mobile_Devices" time="11.041"/>
  <system-out/>
</testsuite> <!-- pk_SeleniumProject.MobileBrowser_View_calling_DataProvider -->
