<?xml version="1.0" encoding="UTF-8"?>
<!-- Generated by org.testng.reporters.JUnitReportReporter -->
<testsuite hostname="DESKTOP-DCJJA81" failures="0" tests="1" name="pk_SeleniumProject.EdgeBrowser" time="6.351" errors="0" timestamp="2023-02-20T18:08:39 IST" skipped="0">
  <testcase classname="pk_SeleniumProject.EdgeBrowser" name="EdgeBroser" time="6.351"/>
  <system-out/>
</testsuite> <!-- pk_SeleniumProject.EdgeBrowser -->
