<?xml version="1.0" encoding="UTF-8"?>
<!-- Generated by org.testng.reporters.JUnitReportReporter -->
<testsuite hostname="DESKTOP-DCJJA81" failures="0" tests="1" name="pk_SeleniumProject.HTTP_Authentication_Handle" time="5.478" errors="0" timestamp="2023-03-03T18:27:13 IST" skipped="0">
  <testcase classname="pk_SeleniumProject.HTTP_Authentication_Handle" name="HTTPAuth" time="5.478"/>
  <system-out/>
</testsuite> <!-- pk_SeleniumProject.HTTP_Authentication_Handle -->
