<?xml version="1.0" encoding="UTF-8"?>
<!-- Generated by org.testng.reporters.JUnitReportReporter -->
<testsuite hostname="DESKTOP-DCJJA81" failures="0" tests="2" name="pk_SeleniumProject.Weborder_CreateOrder_VerifyOrder" time="9.489" errors="0" timestamp="2023-02-20T20:26:27 IST" skipped="0">
  <testcase classname="pk_SeleniumProject.Weborder_CreateOrder_VerifyOrder" name="login" time="1.349"/>
  <system-out/>
  <testcase classname="pk_SeleniumProject.Weborder_CreateOrder_VerifyOrder" name="CreateOrder_VerifyOrder" time="8.140"/>
  <system-out/>
</testsuite> <!-- pk_SeleniumProject.Weborder_CreateOrder_VerifyOrder -->
