<?xml version="1.0" encoding="UTF-8"?>
<!-- Generated by org.testng.reporters.JUnitReportReporter -->
<testsuite hostname="DESKTOP-DCJJA81" failures="0" tests="1" name="pk_SeleniumProject.IncognitoMode" time="5.347" errors="0" timestamp="2023-02-18T13:13:19 IST" skipped="0">
  <testcase classname="pk_SeleniumProject.IncognitoMode" name="chrome_Headless" time="5.347"/>
  <system-out/>
</testsuite> <!-- pk_SeleniumProject.IncognitoMode -->
