<?xml version="1.0" encoding="UTF-8"?>
<!-- Generated by org.testng.reporters.JUnitReportReporter -->
<testsuite hostname="DESKTOP-DCJJA81" failures="0" tests="1" name="pk_SeleniumProject.HeadlessBrowser_Chrome" time="3.430" errors="0" timestamp="2023-02-18T13:59:42 IST" skipped="0">
  <testcase classname="pk_SeleniumProject.HeadlessBrowser_Chrome" name="chrome_Headless" time="3.430"/>
  <system-out/>
</testsuite> <!-- pk_SeleniumProject.HeadlessBrowser_Chrome -->
