<?xml version="1.0" encoding="UTF-8"?>
<!-- Generated by org.testng.reporters.JUnitReportReporter -->
<testsuite hostname="DESKTOP-DCJJA81" failures="0" tests="1" name="pk_SeleniumProject.HDFCNetBanking_Alert_Example" time="3.267" errors="0" timestamp="2023-02-20T19:05:30 IST" skipped="0">
  <testcase classname="pk_SeleniumProject.HDFCNetBanking_Alert_Example" name="verifyPassword_Field" time="3.267"/>
  <system-out/>
</testsuite> <!-- pk_SeleniumProject.HDFCNetBanking_Alert_Example -->
