<?xml version="1.0" encoding="UTF-8"?>
<!-- Generated by org.testng.reporters.JUnitReportReporter -->
<testsuite hostname="DESKTOP-DCJJA81" failures="0" tests="1" name="pk_SeleniumProject.FirefoxBrowser" time="12.354" errors="0" timestamp="2023-02-20T17:15:13 IST" skipped="0">
  <testcase classname="pk_SeleniumProject.FirefoxBrowser" name="mozilaFirefox" time="12.354"/>
  <system-out/>
</testsuite> <!-- pk_SeleniumProject.FirefoxBrowser -->
